2025-06-18 20:20:52,928 - semgrep.run_scan - DEBUG - semgrep version 1.4.0
2025-06-18 20:20:52,938 - semgrep.config_resolver - DEBUG - Loading local config from /home/runner/workspace/.config/.semgrep/semgrep_rules.json
2025-06-18 20:20:53,087 - semgrep.config_resolver - DEBUG - Done loading local config from /home/runner/workspace/.config/.semgrep/semgrep_rules.json
2025-06-18 20:20:53,091 - semgrep.config_resolver - DEBUG - Saving rules to /tmp/semgrep-nu9j2v8s.rules
2025-06-18 20:20:53,877 - semgrep.rule_lang - DEBUG - semgrep-core validation response: valid=True
2025-06-18 20:20:53,877 - semgrep.rule_lang - DEBUG - semgrep-core validation succeeded
2025-06-18 20:20:53,877 - semgrep.rule_lang - DEBUG - RPC validation succeeded
2025-06-18 20:20:53,877 - semgrep.config_resolver - DEBUG - loaded 1 configs in 0.9398038387298584
2025-06-18 20:20:53,960 - semgrep.run_scan - VERBOSE - running 714 rules from 1 config /home/runner/workspace/.config/.semgrep/semgrep_rules.json_0
2025-06-18 20:20:53,960 - semgrep.run_scan - VERBOSE - No .semgrepignore found. Using default .semgrepignore rules. See the docs for the list of default ignores: https://semgrep.dev/docs/cli-usage/#ignore-files
2025-06-18 20:20:53,963 - semgrep.run_scan - VERBOSE - Rules:
2025-06-18 20:20:53,963 - semgrep.run_scan - VERBOSE - <SKIPPED DATA (too many entries; use --max-log-list-entries)>
2025-06-18 20:20:54,434 - semgrep.core_runner - DEBUG - Passing whole rules directly to semgrep_core
2025-06-18 20:20:54,592 - semgrep.core_runner - DEBUG - Running Semgrep engine with command:
2025-06-18 20:20:54,592 - semgrep.core_runner - DEBUG - /tmp/_MEIo6ucaI/semgrep/bin/opengrep-core -json -rules /tmp/tmpjl345v92.json -j 8 -targets /tmp/tmp0jcfgtvj -timeout 5 -timeout_threshold 3 -max_memory 0 -fast
2025-06-18 20:20:59,559 - semgrep.core_runner - DEBUG - --- semgrep-core stderr ---
[00.06][[34mINFO[0m]: Executed as: /tmp/_MEIo6ucaI/semgrep/bin/opengrep-core -json -rules /tmp/tmpjl345v92.json -j 8 -targets /tmp/tmp0jcfgtvj -timeout 5 -timeout_threshold 3 -max_memory 0 -fast
[00.06][[34mINFO[0m]: Version: 1.4.0
[00.06][[34mINFO[0m]: Parsing rules in /tmp/tmpjl345v92.json
[00.48][[34mINFO[0m]: scan: processing 328 files (skipping 0), with 456 rules (skipping 0 )
[04.02][[33mWARNING[0m]: Fixpoint timeout while performing taint analysis [rule: config..semgrep.vendored-rules.javascript.lang.security.audit.unsafe-formatstring file: client/src/components/expense-list-planning.tsx func: ExpenseListPlanning:37286]
[0m[04.17][[33mWARNING[0m]: Fixpoint timeout while performing taint analysis [rule: config..semgrep.vendored-rules.javascript.express.security.injection.raw-html-format file: client/src/components/template-manager.tsx func: TemplateManager:35770]
[0m[04.18][[33mWARNING[0m]: Fixpoint timeout while performing taint analysis [rule: config..semgrep.vendored-rules.javascript.lang.security.audit.detect-non-literal-require file: client/src/components/expense-list-planning.tsx func: ExpenseListPlanning:37286]
[0m--- end semgrep-core stderr ---
2025-06-18 20:20:59,571 - semgrep.rule_match - DEBUG - match_key = ('', PosixPath('client/index.html'), 'config..semgrep.vendored-rules.html.security.audit.missing-integrity') match_id = 0ee74fd49637bebe183eca7188dbde26e386314e62cc2e7ba1ee60b377b638243fcd84e6c6fa04886198ccacfa6a711bfbcc61a28f9ddc913d5b3c53083cbc90_0
2025-06-18 20:20:59,572 - semgrep.rule_match - DEBUG - match_key = (' type="text/javascript" src="https://replit.com/public/js/replit-dev-banner.js" (?is).*integrity= (google-analytics\\.com|fonts\\.googleapis\\.com|fonts\\.gstatic\\.com|googletagmanager\\.com) .*rel\\s*=\\s*[\'"]?preconnect.* href="... :// ..." href="//..." href=\'... :// ...\' href=\'//...\' src="... :// ..." src="//..." src=\'... :// ...\' src=\'//...\' <link  type="text/javascript" src="https://replit.com/public/js/replit-dev-banner.js" > <script  type="text/javascript" src="https://replit.com/public/js/replit-dev-banner.js" >...</script>', PosixPath('client/index.html'), 'config..semgrep.vendored-rules.html.security.audit.missing-integrity') match_id = 0728b64e224596592d04447ba8a642ff94e1fb9fcc07be26d49dc7e7f6898e638ad16ffcaca086932c58f4c6400fe32603323afef02cf9bfebcb0e4a53562a40_0
2025-06-18 20:20:59,573 - semgrep.rule_match - DEBUG - match_key = (' type="text/javascript" src="https://replit.com/public/js/replit-dev-banner.js" (?is).*integrity= (google-analytics\\.com|fonts\\.googleapis\\.com|fonts\\.gstatic\\.com|googletagmanager\\.com) .*rel\\s*=\\s*[\'"]?preconnect.* href="... :// ..." href="//..." href=\'... :// ...\' href=\'//...\' src="... :// ..." src="//..." src=\'... :// ...\' src=\'//...\' <link  type="text/javascript" src="https://replit.com/public/js/replit-dev-banner.js" > <script  type="text/javascript" src="https://replit.com/public/js/replit-dev-banner.js" >...</script>', PosixPath('client/index.html'), 'config..semgrep.vendored-rules.html.security.audit.missing-integrity') match_id = 0728b64e224596592d04447ba8a642ff94e1fb9fcc07be26d49dc7e7f6898e638ad16ffcaca086932c58f4c6400fe32603323afef02cf9bfebcb0e4a53562a40_0
2025-06-18 20:20:59,573 - semgrep.rule_match - DEBUG - match_key = (' type="text/javascript" src="https://replit.com/public/js/replit-dev-banner.js" (?is).*integrity= (google-analytics\\.com|fonts\\.googleapis\\.com|fonts\\.gstatic\\.com|googletagmanager\\.com) .*rel\\s*=\\s*[\'"]?preconnect.* href="... :// ..." href="//..." href=\'... :// ...\' href=\'//...\' src="... :// ..." src="//..." src=\'... :// ...\' src=\'//...\' <link  type="text/javascript" src="https://replit.com/public/js/replit-dev-banner.js" > <script  type="text/javascript" src="https://replit.com/public/js/replit-dev-banner.js" >...</script>', PosixPath('client/index.html'), 'config..semgrep.vendored-rules.html.security.audit.missing-integrity') match_id = 0728b64e224596592d04447ba8a642ff94e1fb9fcc07be26d49dc7e7f6898e638ad16ffcaca086932c58f4c6400fe32603323afef02cf9bfebcb0e4a53562a40_0
2025-06-18 20:20:59,576 - semgrep.core_runner - DEBUG - semgrep ran in 0:00:05.142078 on 118 files
2025-06-18 20:20:59,577 - semgrep.core_runner - DEBUG - findings summary: 1 warning, 0 error, 0 info
2025-06-18 20:20:59,584 - semgrep.app.auth - DEBUG - Getting API token from settings file
2025-06-18 20:20:59,584 - semgrep.app.auth - DEBUG - No API token found in settings file
2025-06-18 20:20:59,717 - semgrep.output - VERBOSE - 
========================================
Files skipped:
========================================

  Always skipped by Opengrep:

   • <none>

  Skipped by .gitignore:
  (Disable by passing --no-git-ignore)

   • <all files not listed by `git ls-files` were skipped>

  Skipped by .semgrepignore:
  - https://semgrep.dev/docs/ignoring-files-folders-code/#understand-semgrep-defaults

   • <none>

  Skipped by --include patterns:

   • <none>

  Skipped by --exclude patterns:

   • <none>

  Files skipped due to insufficient read permissions:

   • <none>

  Skipped by limiting to files smaller than 1000000 bytes:
  (Adjust with the --max-target-bytes flag)

   • <none>

  Partially analyzed due to parsing or internal Opengrep errors

   • tailwind.config.ts (1 lines skipped)

2025-06-18 20:20:59,718 - semgrep.output - INFO - Some files were skipped or only partially analyzed.
  Scan was limited to files tracked by git.
  Partially scanned: 1 files only partially analyzed due to parsing or internal Opengrep errors

Ran 437 rules on 118 files: 1 finding.
2025-06-18 20:20:59,719 - semgrep.app.version - DEBUG - Version cache does not exist
2025-06-18 20:20:59,735 - semgrep.metrics - VERBOSE - Not sending pseudonymous metrics since metrics are configured to OFF and registry usage is False
